
-78.4780 
 2.2600 
 12.0000 
 3.7600 
 0.0100 
 24.9845 
 12.0000 
-1.8400 
 0.0000 

-78.4780 
-1.8400 
 12.0000 
 3.7600 
 2.2600 
 24.9845 
 12.0000 
 0.0100 
 0.0000 

-78.4780 
-1.8400 
 0.0100 
 12.0000 
 3.7600 
 24.9845 
 12.0000 
 2.2600 
 0.0000 

-78.4780 
-1.8400 
 0.0100 
 2.2600 
 12.0000 
 24.9845 
 12.0000 
 3.7600 
 0.0000 

-78.4780 
-1.8400 
 0.0100 
 2.2600 
 3.7600 
 24.9845 
 12.0000 
 12.0000 
 0.0000 

-78.4780 
-1.8400 
 0.0100 
 2.2600 
 3.7600 
 12.0000 
 24.9845 
 12.0000 
 0.0000 

-78.4780 
-1.8400 
 0.0100 
 2.2600 
 3.7600 
 12.0000 
 12.0000 
 24.9845 
 0.0000 

-78.4780 
-1.8400 
 0.0100 
 2.2600 
 3.7600 
 12.0000 
 12.0000 
 24.9845 
 0.0000 

-78.4780 
-1.8400 
 0.0100 
 2.2600 
 3.7600 
 12.0000 
 12.0000 
 24.9845 
 0.0000 
